<?xml version="1.0" encoding="UTF-8"?>
<testng-results skipped="0" failed="0" total="1" passed="1">
  <reporter-output>
  </reporter-output>
  <suite name="Default suite" duration-ms="114" started-at="2015-02-02T12:34:17Z" finished-at="2015-02-02T12:34:17Z">
    <groups>
    </groups>
    <test name="Default test" duration-ms="114" started-at="2015-02-02T12:34:17Z" finished-at="2015-02-02T12:34:17Z">
      <class name="ImageComp">
        <test-method status="PASS" signature="compareImagesSikuli()[pri:0, instance:ImageComp@52d455b8]" name="compareImagesSikuli" duration-ms="101" started-at="2015-02-02T18:04:17Z" finished-at="2015-02-02T18:04:17Z">
          <reporter-output>
          </reporter-output>
        </test-method> <!-- compareImagesSikuli -->
      </class> <!-- ImageComp -->
    </test> <!-- Default test -->
  </suite> <!-- Default suite -->
</testng-results>
