<?xml version="1.0" encoding="UTF-8" ?>
<testsuite tests="1" failures="1" name="com.atmecs.services.test.TestCurrencyWS" time="1.373" errors="0" skipped="0">
  <properties>
[...]
</properties>
  <testcase classname="com.atmecs.services.test.TestCurrencyWS" name="testCurrencyRate" time="1.373">
    <failure message="expected [62.215] but found [62.2299]" type="java.lang.AssertionError">java.lang.AssertionError: expected [62.215] but found [62.2299]
	at org.testng.Assert.fail(Assert.java:94)
	at org.testng.Assert.failNotEquals(Assert.java:494)
	at org.testng.Assert.assertEquals(Assert.java:123)
	at org.testng.Assert.assertEquals(Assert.java:165)
	at com.atmecs.services.test.TestCurrencyWS.testCurrencyRate(TestCurrencyWS.java:40)
</failure>
    <system-out>Configuring TestNG with: org.apache.maven.surefire.testng.conf.TestNG652Configurator@1eb44e46
</system-out>
    <system-err>Feb 17, 2015 3:44:22 PM org.springframework.context.support.AbstractApplicationContext prepareRefresh
INFO: Refreshing org.springframework.context.support.FileSystemXmlApplicationContext@2f686d1f: startup date [Tue Feb 17 15:44:22 IST 2015]; root of context hierarchy
Feb 17, 2015 3:44:22 PM org.springframework.beans.factory.xml.XmlBeanDefinitionReader loadBeanDefinitions
INFO: Loading XML bean definitions from file [C:\Users\Venkatesh.Aarelly\ATMECSProjects\WSDL2Java\src\main\resources\applicationContext.xml]
Feb 17, 2015 3:44:22 PM org.springframework.beans.factory.support.DefaultListableBeanFactory preInstantiateSingletons
INFO: Pre-instantiating singletons in org.springframework.beans.factory.support.DefaultListableBeanFactory@61d47554: defining beans [org.springframework.context.annotation.internalConfigurationAnnotationProcessor,org.springframework.context.annotation.internalAutowiredAnnotationProcessor,org.springframework.context.annotation.internalRequiredAnnotationProcessor,org.springframework.context.annotation.internalCommonAnnotationProcessor,soapMessageFactory,currencyMarshaller,currencyTemplate,org.springframework.context.annotation.ConfigurationClassPostProcessor.importAwareProcessor]; root of factory hierarchy
Feb 17, 2015 3:44:22 PM org.springframework.ws.soap.saaj.SaajSoapMessageFactory afterPropertiesSet
INFO: Creating SAAJ 1.3 MessageFactory with SOAP 1.2 Protocol
Feb 17, 2015 3:44:22 PM org.springframework.oxm.jaxb.Jaxb2Marshaller createJaxbContextFromContextPath
INFO: Creating JAXBContext with context path [com.atmecs.services]
</system-err>
  </testcase>
</testsuite>