<?xml version="1.0" encoding="UTF-8"?>
<testng-results skipped="0" failed="0" total="3" passed="3">
  <reporter-output>
  </reporter-output>
  <suite name="Default suite" duration-ms="87020" started-at="2015-01-23T05:24:08Z" finished-at="2015-01-23T05:25:35Z">
    <groups>
    </groups>
    <test name="Default test" duration-ms="87020" started-at="2015-01-23T05:24:08Z" finished-at="2015-01-23T05:25:35Z">
      <class name="com.xml.tests.TestSample">
        <test-method status="PASS" signature="runSampleTest()[pri:0, instance:com.xml.tests.TestSample@2471cca7]" name="runSampleTest" duration-ms="12646" started-at="2015-01-23T10:54:08Z" finished-at="2015-01-23T10:54:21Z">
          <reporter-output>
          </reporter-output>
        </test-method> <!-- runSampleTest -->
        <test-method status="PASS" signature="runSampleTest()[pri:0, instance:com.xml.tests.TestSample@5fe5c6f]" name="runSampleTest" duration-ms="35982" started-at="2015-01-23T10:54:21Z" finished-at="2015-01-23T10:54:57Z">
          <reporter-output>
          </reporter-output>
        </test-method> <!-- runSampleTest -->
        <test-method status="PASS" signature="runSampleTest()[pri:0, instance:com.xml.tests.TestSample@6979e8cb]" name="runSampleTest" duration-ms="38376" started-at="2015-01-23T10:54:57Z" finished-at="2015-01-23T10:55:35Z">
          <reporter-output>
          </reporter-output>
        </test-method> <!-- runSampleTest -->
      </class> <!-- com.xml.tests.TestSample -->
    </test> <!-- Default test -->
  </suite> <!-- Default suite -->
</testng-results>
