<?xml version="1.0" encoding="UTF-8"?>
<!-- Generated by org.testng.reporters.JUnitXMLReporter -->
<testsuite hostname="ATMECSINDT-060" name="RegressionTest1" tests="1" failures="1" timestamp="19 Jan 2015 06:39:36 GMT" time="0.002" errors="0">
  <testcase name="testLogo" time="0.0" classname="com.xml.tests.TestPage">
    <failure type="java.lang.NullPointerException">
      <![CDATA[java.lang.NullPointerException
	at com.xml.tests.TestPage.testLogo(TestPage.java:49)
	at com.xml.tests.TestSample.runSampleTest(TestSample.java:64)
... Removed 48 stack frames]]>
    </failure>
  </testcase> <!-- testLogo -->
</testsuite> <!-- RegressionTest1 -->
