<?xml version="1.0" encoding="UTF-8"?>
<!-- Generated by org.testng.reporters.JUnitXMLReporter -->
<testsuite hostname="ATMECSINDT-060" name="Default test" tests="3" failures="0" timestamp="23 Jan 2015 05:25:35 GMT" time="87.02" errors="0">
  <testcase name="runSampleTest" time="12.646" classname="com.xml.tests.TestSample"/>
  <testcase name="runSampleTest" time="35.982" classname="com.xml.tests.TestSample"/>
  <testcase name="runSampleTest" time="38.376" classname="com.xml.tests.TestSample"/>
</testsuite> <!-- Default test -->
