<?xml version="1.0" encoding="UTF-8"?>
<!-- Generated by org.testng.reporters.JUnitXMLReporter -->
<testsuite hostname="ATMECSINDT-060" name="SmokeTest1" tests="2" failures="1" timestamp="14 Jan 2015 05:56:53 GMT" time="0.009" errors="0">
  <testcase name="@AfterMethod close" time="0.0" classname="com.xml.tests.TestPage">
    <failure type="java.lang.NullPointerException">
      <![CDATA[java.lang.NullPointerException
	at com.xml.tests.TestPage.close(TestPage.java:50)
... Removed 28 stack frames]]>
    </failure>
  </testcase> <!-- @AfterMethod close -->
  <testcase name="@AfterMethod close" time="0.0" classname="com.xml.tests.TestPage">
    <skipped/>
  </testcase> <!-- @AfterMethod close -->
  <testcase name="testLogo" time="0.002" classname="com.xml.tests.TestPage">
    <failure type="java.lang.NullPointerException">
      <![CDATA[java.lang.NullPointerException
	at com.xml.page.Page.getLogo(Page.java:18)
	at com.xml.tests.TestPage.testLogo(TestPage.java:44)
... Removed 26 stack frames]]>
    </failure>
  </testcase> <!-- testLogo -->
  <testcase name="testLogo" time="0.001" classname="com.xml.tests.TestPage">
    <skipped/>
  </testcase> <!-- testLogo -->
</testsuite> <!-- SmokeTest1 -->
